<?xml version="1.0" encoding="UTF-8"?>
<!-- Generated by org.testng.reporters.JUnitReportReporter -->
<testsuite hostname="Nandu-Laptop" failures="0" tests="1" name="com.lambdatest.TestNGTodo2" time="23.717" errors="0" timestamp="11 Jun 2022 06:21:29 GMT" skipped="0">
  <testcase classname="com.lambdatest.TestNGTodo2" name="testScenario2" time="23.717"/>
</testsuite> <!-- com.lambdatest.TestNGTodo2 -->
