<?xml version="1.0" encoding="UTF-8"?>
<!-- Generated by org.testng.reporters.JUnitReportReporter -->
<testsuite hostname="Nandu-Laptop" failures="0" tests="1" name="com.lambdatest.TestScenario1" time="24.059" errors="0" timestamp="11 Jun 2022 19:16:13 GMT" skipped="0">
  <testcase classname="com.lambdatest.TestScenario1" name="testScenario" time="24.059"/>
</testsuite> <!-- com.lambdatest.TestScenario1 -->
