<?xml version="1.0" encoding="UTF-8"?>
<!-- Generated by org.testng.reporters.JUnitReportReporter -->
<testsuite hostname="Nandu-Laptop" failures="0" tests="1" name="com.lambdatest.TestScenario2" time="40.907" errors="0" timestamp="11 Jun 2022 19:21:18 GMT" skipped="0">
  <testcase classname="com.lambdatest.TestScenario2" name="testScenario2" time="40.907"/>
</testsuite> <!-- com.lambdatest.TestScenario2 -->
