<?xml version="1.0" encoding="UTF-8"?>
<!-- Generated by org.testng.reporters.JUnitReportReporter -->
<testsuite hostname="Nandu-Laptop" failures="0" tests="1" name="com.lambdatest.TestScenario3" time="17.577" errors="0" timestamp="11 Jun 2022 19:21:18 GMT" skipped="0">
  <testcase classname="com.lambdatest.TestScenario3" name="testScenario3" time="17.577"/>
</testsuite> <!-- com.lambdatest.TestScenario3 -->
